[2025-11-21 16:00:05,863] INFO [QuorumController id=1] Periodic task electPreferred generated 0 records in 30 microseconds. (org.apache.kafka.controller.PeriodicTaskControlManager)
[2025-11-21 16:00:05,873] INFO [QuorumController id=1] Periodic task electUnclean generated 0 records in 22 microseconds. (org.apache.kafka.controller.PeriodicTaskControlManager)
[2025-11-21 16:00:06,027] INFO [QuorumController id=1] In the last 60000 ms period, 324 controller events were completed, which took an average of 11.86 ms each. The slowest event was writeNoOpRecord(612085715), which took 31.58 ms. (org.apache.kafka.controller.EventPerformanceMonitor)
[2025-11-21 16:01:06,030] INFO [QuorumController id=1] In the last 60000 ms period, 321 controller events were completed, which took an average of 12.12 ms each. The slowest event was writeNoOpRecord(2010459113), which took 31.05 ms. (org.apache.kafka.controller.EventPerformanceMonitor)
[2025-11-21 16:02:06,035] INFO [QuorumController id=1] In the last 60000 ms period, 322 controller events were completed, which took an average of 12.04 ms each. The slowest event was writeNoOpRecord(481191465), which took 32.31 ms. (org.apache.kafka.controller.EventPerformanceMonitor)
[2025-11-21 16:03:06,041] INFO [QuorumController id=1] In the last 60000 ms period, 322 controller events were completed, which took an average of 12.00 ms each. The slowest event was writeNoOpRecord(903003891), which took 31.80 ms. (org.apache.kafka.controller.EventPerformanceMonitor)
[2025-11-21 16:04:06,045] INFO [QuorumController id=1] In the last 60000 ms period, 323 controller events were completed, which took an average of 11.81 ms each. The slowest event was writeNoOpRecord(708002436), which took 31.38 ms. (org.apache.kafka.controller.EventPerformanceMonitor)
[2025-11-21 16:05:05,820] INFO [QuorumController id=1] Periodic task expireDelegationTokens generated 0 records in 84 microseconds. (org.apache.kafka.controller.PeriodicTaskControlManager)
[2025-11-21 16:05:05,877] INFO [QuorumController id=1] Periodic task electPreferred generated 0 records in 21 microseconds. (org.apache.kafka.controller.PeriodicTaskControlManager)
[2025-11-21 16:05:05,877] INFO [QuorumController id=1] Periodic task electUnclean generated 0 records in 26 microseconds. (org.apache.kafka.controller.PeriodicTaskControlManager)
[2025-11-21 16:05:06,048] INFO [QuorumController id=1] In the last 60000 ms period, 327 controller events were completed, which took an average of 11.62 ms each. The slowest event was writeNoOpRecord(534516581), which took 30.87 ms. (org.apache.kafka.controller.EventPerformanceMonitor)
[2025-11-21 16:06:06,052] INFO [QuorumController id=1] In the last 60000 ms period, 321 controller events were completed, which took an average of 11.74 ms each. The slowest event was writeNoOpRecord(864517233), which took 35.09 ms. (org.apache.kafka.controller.EventPerformanceMonitor)
[2025-11-21 16:07:06,055] INFO [QuorumController id=1] In the last 60000 ms period, 322 controller events were completed, which took an average of 11.95 ms each. The slowest event was writeNoOpRecord(1453467011), which took 31.90 ms. (org.apache.kafka.controller.EventPerformanceMonitor)
[2025-11-21 16:08:06,057] INFO [QuorumController id=1] In the last 60000 ms period, 322 controller events were completed, which took an average of 12.04 ms each. The slowest event was writeNoOpRecord(627704741), which took 31.68 ms. (org.apache.kafka.controller.EventPerformanceMonitor)
[2025-11-21 16:09:06,061] INFO [QuorumController id=1] In the last 60000 ms period, 322 controller events were completed, which took an average of 12.15 ms each. The slowest event was writeNoOpRecord(168878040), which took 31.38 ms. (org.apache.kafka.controller.EventPerformanceMonitor)
[2025-11-21 16:10:05,903] INFO [QuorumController id=1] Periodic task electPreferred generated 0 records in 24 microseconds. (org.apache.kafka.controller.PeriodicTaskControlManager)
[2025-11-21 16:10:05,903] INFO [QuorumController id=1] Periodic task electUnclean generated 0 records in 27 microseconds. (org.apache.kafka.controller.PeriodicTaskControlManager)
[2025-11-21 16:10:06,091] INFO [QuorumController id=1] In the last 60000 ms period, 327 controller events were completed, which took an average of 11.71 ms each. The slowest event was writeNoOpRecord(126972458), which took 31.00 ms. (org.apache.kafka.controller.EventPerformanceMonitor)
[2025-11-21 16:11:06,097] INFO [QuorumController id=1] In the last 60000 ms period, 321 controller events were completed, which took an average of 11.80 ms each. The slowest event was writeNoOpRecord(1415888210), which took 31.04 ms. (org.apache.kafka.controller.EventPerformanceMonitor)
[2025-11-21 16:12:06,103] INFO [QuorumController id=1] In the last 60000 ms period, 322 controller events were completed, which took an average of 11.72 ms each. The slowest event was writeNoOpRecord(1470215517), which took 31.24 ms. (org.apache.kafka.controller.EventPerformanceMonitor)
[2025-11-21 16:13:06,106] INFO [QuorumController id=1] In the last 60000 ms period, 322 controller events were completed, which took an average of 11.88 ms each. The slowest event was writeNoOpRecord(778958077), which took 31.25 ms. (org.apache.kafka.controller.EventPerformanceMonitor)
[2025-11-21 16:14:06,110] INFO [QuorumController id=1] In the last 60000 ms period, 322 controller events were completed, which took an average of 11.85 ms each. The slowest event was writeNoOpRecord(604183049), which took 32.23 ms. (org.apache.kafka.controller.EventPerformanceMonitor)
[2025-11-21 16:15:05,915] INFO [QuorumController id=1] Periodic task electPreferred generated 0 records in 24 microseconds. (org.apache.kafka.controller.PeriodicTaskControlManager)
[2025-11-21 16:15:05,915] INFO [QuorumController id=1] Periodic task electUnclean generated 0 records in 61 microseconds. (org.apache.kafka.controller.PeriodicTaskControlManager)
[2025-11-21 16:15:06,115] INFO [QuorumController id=1] In the last 60000 ms period, 323 controller events were completed, which took an average of 11.84 ms each. The slowest event was writeNoOpRecord(342749088), which took 33.38 ms. (org.apache.kafka.controller.EventPerformanceMonitor)
[2025-11-21 16:16:06,121] INFO [QuorumController id=1] In the last 60000 ms period, 323 controller events were completed, which took an average of 11.96 ms each. The slowest event was writeNoOpRecord(6515297), which took 31.16 ms. (org.apache.kafka.controller.EventPerformanceMonitor)
[2025-11-21 16:17:06,125] INFO [QuorumController id=1] In the last 60000 ms period, 324 controller events were completed, which took an average of 11.82 ms each. The slowest event was writeNoOpRecord(786496204), which took 30.96 ms. (org.apache.kafka.controller.EventPerformanceMonitor)
[2025-11-21 16:18:06,129] INFO [QuorumController id=1] In the last 60000 ms period, 322 controller events were completed, which took an average of 11.95 ms each. The slowest event was writeNoOpRecord(550586428), which took 32.09 ms. (org.apache.kafka.controller.EventPerformanceMonitor)
[2025-11-21 16:19:06,135] INFO [QuorumController id=1] In the last 60000 ms period, 322 controller events were completed, which took an average of 12.06 ms each. The slowest event was writeNoOpRecord(434996878), which took 31.10 ms. (org.apache.kafka.controller.EventPerformanceMonitor)
[2025-11-21 16:20:05,921] INFO [QuorumController id=1] Periodic task electPreferred generated 0 records in 36 microseconds. (org.apache.kafka.controller.PeriodicTaskControlManager)
[2025-11-21 16:20:05,921] INFO [QuorumController id=1] Periodic task electUnclean generated 0 records in 29 microseconds. (org.apache.kafka.controller.PeriodicTaskControlManager)
[2025-11-21 16:20:06,138] INFO [QuorumController id=1] In the last 60000 ms period, 323 controller events were completed, which took an average of 11.93 ms each. The slowest event was writeNoOpRecord(8909582), which took 31.08 ms. (org.apache.kafka.controller.EventPerformanceMonitor)
[2025-11-21 16:21:06,143] INFO [QuorumController id=1] In the last 60000 ms period, 323 controller events were completed, which took an average of 11.73 ms each. The slowest event was writeNoOpRecord(705425417), which took 31.11 ms. (org.apache.kafka.controller.EventPerformanceMonitor)
[2025-11-21 16:22:06,148] INFO [QuorumController id=1] In the last 60000 ms period, 322 controller events were completed, which took an average of 12.03 ms each. The slowest event was writeNoOpRecord(213272769), which took 31.10 ms. (org.apache.kafka.controller.EventPerformanceMonitor)
[2025-11-21 16:23:06,149] INFO [QuorumController id=1] In the last 60000 ms period, 322 controller events were completed, which took an average of 11.81 ms each. The slowest event was writeNoOpRecord(1285480018), which took 32.31 ms. (org.apache.kafka.controller.EventPerformanceMonitor)
[2025-11-21 16:24:06,155] INFO [QuorumController id=1] In the last 60000 ms period, 324 controller events were completed, which took an average of 11.92 ms each. The slowest event was writeNoOpRecord(1613377949), which took 31.18 ms. (org.apache.kafka.controller.EventPerformanceMonitor)
[2025-11-21 16:25:05,928] INFO [QuorumController id=1] Periodic task electPreferred generated 0 records in 38 microseconds. (org.apache.kafka.controller.PeriodicTaskControlManager)
[2025-11-21 16:25:05,928] INFO [QuorumController id=1] Periodic task electUnclean generated 0 records in 31 microseconds. (org.apache.kafka.controller.PeriodicTaskControlManager)
[2025-11-21 16:25:06,156] INFO [QuorumController id=1] In the last 60000 ms period, 323 controller events were completed, which took an average of 11.91 ms each. The slowest event was writeNoOpRecord(445821852), which took 31.05 ms. (org.apache.kafka.controller.EventPerformanceMonitor)
[2025-11-21 16:26:06,162] INFO [QuorumController id=1] In the last 60000 ms period, 322 controller events were completed, which took an average of 11.89 ms each. The slowest event was writeNoOpRecord(506106485), which took 31.01 ms. (org.apache.kafka.controller.EventPerformanceMonitor)
[2025-11-21 16:27:06,165] INFO [QuorumController id=1] In the last 60000 ms period, 323 controller events were completed, which took an average of 11.80 ms each. The slowest event was writeNoOpRecord(1784185538), which took 31.05 ms. (org.apache.kafka.controller.EventPerformanceMonitor)
[2025-11-21 16:28:06,171] INFO [QuorumController id=1] In the last 60000 ms period, 322 controller events were completed, which took an average of 12.06 ms each. The slowest event was writeNoOpRecord(217301169), which took 30.94 ms. (org.apache.kafka.controller.EventPerformanceMonitor)
[2025-11-21 16:29:06,173] INFO [QuorumController id=1] In the last 60000 ms period, 324 controller events were completed, which took an average of 12.05 ms each. The slowest event was writeNoOpRecord(700071584), which took 31.33 ms. (org.apache.kafka.controller.EventPerformanceMonitor)
[2025-11-21 16:30:05,935] INFO [QuorumController id=1] Periodic task electPreferred generated 0 records in 39 microseconds. (org.apache.kafka.controller.PeriodicTaskControlManager)
[2025-11-21 16:30:05,936] INFO [QuorumController id=1] Periodic task electUnclean generated 0 records in 30 microseconds. (org.apache.kafka.controller.PeriodicTaskControlManager)
[2025-11-21 16:30:06,179] INFO [QuorumController id=1] In the last 60000 ms period, 323 controller events were completed, which took an average of 11.74 ms each. The slowest event was writeNoOpRecord(993029015), which took 30.91 ms. (org.apache.kafka.controller.EventPerformanceMonitor)
[2025-11-21 16:31:06,183] INFO [QuorumController id=1] In the last 60000 ms period, 322 controller events were completed, which took an average of 11.79 ms each. The slowest event was writeNoOpRecord(328198146), which took 31.28 ms. (org.apache.kafka.controller.EventPerformanceMonitor)
[2025-11-21 16:32:06,188] INFO [QuorumController id=1] In the last 60000 ms period, 322 controller events were completed, which took an average of 11.82 ms each. The slowest event was writeNoOpRecord(108692150), which took 30.92 ms. (org.apache.kafka.controller.EventPerformanceMonitor)
[2025-11-21 16:33:06,190] INFO [QuorumController id=1] In the last 60000 ms period, 323 controller events were completed, which took an average of 11.86 ms each. The slowest event was writeNoOpRecord(1035142301), which took 31.22 ms. (org.apache.kafka.controller.EventPerformanceMonitor)
[2025-11-21 16:34:06,196] INFO [QuorumController id=1] In the last 60000 ms period, 321 controller events were completed, which took an average of 11.71 ms each. The slowest event was writeNoOpRecord(1596887724), which took 30.96 ms. (org.apache.kafka.controller.EventPerformanceMonitor)
[2025-11-21 16:34:11,631] INFO [QuorumController id=1] CreateTopics result(s): CreatableTopic(name='multi-partition-topic', numPartitions=3, replicationFactor=1, assignments=[], configs=[]): SUCCESS (org.apache.kafka.controller.ReplicationControlManager)
[2025-11-21 16:34:11,631] INFO [QuorumController id=1] Replayed TopicRecord for topic multi-partition-topic with topic ID _8KREhSqQoOesBN0BQJkXw. (org.apache.kafka.controller.ReplicationControlManager)
[2025-11-21 16:34:11,631] INFO [QuorumController id=1] Replayed PartitionRecord for new partition multi-partition-topic-0 with topic ID _8KREhSqQoOesBN0BQJkXw and PartitionRegistration(replicas=[1], directories=[DzUICFU3S0WH_eyrzrO-0g], isr=[1], removingReplicas=[], addingReplicas=[], elr=[], lastKnownElr=[], leader=1, leaderRecoveryState=RECOVERED, leaderEpoch=0, partitionEpoch=0). (org.apache.kafka.controller.ReplicationControlManager)
[2025-11-21 16:34:11,631] INFO [QuorumController id=1] Replayed PartitionRecord for new partition multi-partition-topic-1 with topic ID _8KREhSqQoOesBN0BQJkXw and PartitionRegistration(replicas=[1], directories=[DzUICFU3S0WH_eyrzrO-0g], isr=[1], removingReplicas=[], addingReplicas=[], elr=[], lastKnownElr=[], leader=1, leaderRecoveryState=RECOVERED, leaderEpoch=0, partitionEpoch=0). (org.apache.kafka.controller.ReplicationControlManager)
[2025-11-21 16:34:11,631] INFO [QuorumController id=1] Replayed PartitionRecord for new partition multi-partition-topic-2 with topic ID _8KREhSqQoOesBN0BQJkXw and PartitionRegistration(replicas=[1], directories=[DzUICFU3S0WH_eyrzrO-0g], isr=[1], removingReplicas=[], addingReplicas=[], elr=[], lastKnownElr=[], leader=1, leaderRecoveryState=RECOVERED, leaderEpoch=0, partitionEpoch=0). (org.apache.kafka.controller.ReplicationControlManager)
[2025-11-21 16:35:05,943] INFO [QuorumController id=1] Periodic task electPreferred generated 0 records in 39 microseconds. (org.apache.kafka.controller.PeriodicTaskControlManager)
[2025-11-21 16:35:05,943] INFO [QuorumController id=1] Periodic task electUnclean generated 0 records in 32 microseconds. (org.apache.kafka.controller.PeriodicTaskControlManager)
[2025-11-21 16:35:06,201] INFO [QuorumController id=1] In the last 60000 ms period, 328 controller events were completed, which took an average of 11.88 ms each. The slowest event was writeNoOpRecord(297748165), which took 31.27 ms. (org.apache.kafka.controller.EventPerformanceMonitor)
[2025-11-21 16:36:06,205] INFO [QuorumController id=1] In the last 60000 ms period, 322 controller events were completed, which took an average of 12.04 ms each. The slowest event was writeNoOpRecord(1606491528), which took 31.06 ms. (org.apache.kafka.controller.EventPerformanceMonitor)
[2025-11-21 16:37:06,206] INFO [QuorumController id=1] In the last 60000 ms period, 322 controller events were completed, which took an average of 11.88 ms each. The slowest event was writeNoOpRecord(548025521), which took 31.51 ms. (org.apache.kafka.controller.EventPerformanceMonitor)
[2025-11-21 16:38:06,208] INFO [QuorumController id=1] In the last 60000 ms period, 323 controller events were completed, which took an average of 11.83 ms each. The slowest event was writeNoOpRecord(1651624931), which took 31.41 ms. (org.apache.kafka.controller.EventPerformanceMonitor)
[2025-11-21 16:39:06,214] INFO [QuorumController id=1] In the last 60000 ms period, 321 controller events were completed, which took an average of 11.80 ms each. The slowest event was writeNoOpRecord(1754983118), which took 31.38 ms. (org.apache.kafka.controller.EventPerformanceMonitor)
[2025-11-21 16:40:05,950] INFO [QuorumController id=1] Periodic task electPreferred generated 0 records in 42 microseconds. (org.apache.kafka.controller.PeriodicTaskControlManager)
[2025-11-21 16:40:05,950] INFO [QuorumController id=1] Periodic task electUnclean generated 0 records in 38 microseconds. (org.apache.kafka.controller.PeriodicTaskControlManager)
[2025-11-21 16:40:06,219] INFO [QuorumController id=1] In the last 60000 ms period, 324 controller events were completed, which took an average of 11.73 ms each. The slowest event was writeNoOpRecord(1601273218), which took 30.97 ms. (org.apache.kafka.controller.EventPerformanceMonitor)
[2025-11-21 16:41:06,224] INFO [QuorumController id=1] In the last 60000 ms period, 324 controller events were completed, which took an average of 11.74 ms each. The slowest event was writeNoOpRecord(333842913), which took 32.03 ms. (org.apache.kafka.controller.EventPerformanceMonitor)
[2025-11-21 16:42:06,230] INFO [QuorumController id=1] In the last 60000 ms period, 322 controller events were completed, which took an average of 11.89 ms each. The slowest event was writeNoOpRecord(9467408), which took 31.10 ms. (org.apache.kafka.controller.EventPerformanceMonitor)
[2025-11-21 16:43:06,223] INFO [QuorumController id=1] In the last 60000 ms period, 322 controller events were completed, which took an average of 11.94 ms each. The slowest event was writeNoOpRecord(308063934), which took 31.14 ms. (org.apache.kafka.controller.EventPerformanceMonitor)
[2025-11-21 16:44:06,226] INFO [QuorumController id=1] In the last 60000 ms period, 322 controller events were completed, which took an average of 11.75 ms each. The slowest event was writeNoOpRecord(1924969794), which took 30.84 ms. (org.apache.kafka.controller.EventPerformanceMonitor)
[2025-11-21 16:45:05,944] INFO [QuorumController id=1] Periodic task electPreferred generated 0 records in 29 microseconds. (org.apache.kafka.controller.PeriodicTaskControlManager)
[2025-11-21 16:45:05,944] INFO [QuorumController id=1] Periodic task electUnclean generated 0 records in 20 microseconds. (org.apache.kafka.controller.PeriodicTaskControlManager)
[2025-11-21 16:45:06,230] INFO [QuorumController id=1] In the last 60000 ms period, 324 controller events were completed, which took an average of 11.51 ms each. The slowest event was writeNoOpRecord(1461395129), which took 30.88 ms. (org.apache.kafka.controller.EventPerformanceMonitor)
