[2025-11-21 16:05:05,953] INFO [SnapshotGenerator id=1] Creating new KRaft snapshot file snapshot 00000000000000007218-0000000001 because we have waited at least 60 minute(s). (org.apache.kafka.image.publisher.SnapshotGenerator)
[2025-11-21 16:05:05,969] INFO [SnapshotEmitter id=1] Successfully wrote snapshot 00000000000000007218-0000000001 (org.apache.kafka.image.publisher.SnapshotEmitter)
[2025-11-21 16:13:45,860] INFO [GroupCoordinator id=1 topic=__consumer_offsets partition=13] [Group my-consumer-group] Member console-consumer-20537d22-adb5-416f-8ecd-1de67d3579be has left group through explicit `LeaveGroup` request; client reason: the consumer is being closed (org.apache.kafka.coordinator.group.GroupMetadataManager)
[2025-11-21 16:13:45,860] INFO [GroupCoordinator id=1 topic=__consumer_offsets partition=13] Preparing to rebalance group my-consumer-group in state PreparingRebalance with old generation 6 (reason: explicit `LeaveGroup` request for (console-consumer-20537d22-adb5-416f-8ecd-1de67d3579be) members.). (org.apache.kafka.coordinator.group.GroupMetadataManager)
[2025-11-21 16:13:48,775] INFO [GroupCoordinator id=1 topic=__consumer_offsets partition=13] Stabilized group my-consumer-group generation 7 with 1 members. (org.apache.kafka.coordinator.group.GroupMetadataManager)
[2025-11-21 16:13:48,779] INFO [GroupCoordinator id=1 topic=__consumer_offsets partition=13] Assignment received from leader console-consumer-ba4baa00-ac88-4f1e-9013-353f48fb9064 for group my-consumer-group for generation 7. The group has 1 members, 0 of which are static. (org.apache.kafka.coordinator.group.GroupMetadataManager)
[2025-11-21 16:13:49,734] INFO [GroupCoordinator id=1 topic=__consumer_offsets partition=13] [Group my-consumer-group] Member console-consumer-ba4baa00-ac88-4f1e-9013-353f48fb9064 has left group through explicit `LeaveGroup` request; client reason: the consumer is being closed (org.apache.kafka.coordinator.group.GroupMetadataManager)
[2025-11-21 16:13:49,734] INFO [GroupCoordinator id=1 topic=__consumer_offsets partition=13] Preparing to rebalance group my-consumer-group in state PreparingRebalance with old generation 7 (reason: explicit `LeaveGroup` request for (console-consumer-ba4baa00-ac88-4f1e-9013-353f48fb9064) members.). (org.apache.kafka.coordinator.group.GroupMetadataManager)
[2025-11-21 16:13:49,734] INFO [GroupCoordinator id=1 topic=__consumer_offsets partition=13] Group my-consumer-group with generation 8 is now empty. (org.apache.kafka.coordinator.group.GroupMetadataManager)
[2025-11-21 16:13:54,072] INFO [GroupCoordinator id=1 topic=__consumer_offsets partition=31] [Group console-consumer-6835] Member console-consumer-b8d0e12d-b548-4f32-876b-58b54e083cf6 has left group through explicit `LeaveGroup` request; client reason: the consumer is being closed (org.apache.kafka.coordinator.group.GroupMetadataManager)
[2025-11-21 16:13:54,073] INFO [GroupCoordinator id=1 topic=__consumer_offsets partition=31] Preparing to rebalance group console-consumer-6835 in state PreparingRebalance with old generation 1 (reason: explicit `LeaveGroup` request for (console-consumer-b8d0e12d-b548-4f32-876b-58b54e083cf6) members.). (org.apache.kafka.coordinator.group.GroupMetadataManager)
[2025-11-21 16:13:54,073] INFO [GroupCoordinator id=1 topic=__consumer_offsets partition=31] Group console-consumer-6835 with generation 2 is now empty. (org.apache.kafka.coordinator.group.GroupMetadataManager)
[2025-11-21 16:18:50,723] INFO [GroupCoordinator id=1 topic=__consumer_offsets partition=13] Dynamic member with unknown member id joins group my-consumer-group in Empty state. Created a new member id console-consumer-a1602c2c-8f1a-4c2f-8130-6577c1dd2c4d and requesting the member to rejoin with this id. (org.apache.kafka.coordinator.group.GroupMetadataManager)
[2025-11-21 16:18:50,724] INFO [GroupCoordinator id=1 topic=__consumer_offsets partition=13] Pending dynamic member with id console-consumer-a1602c2c-8f1a-4c2f-8130-6577c1dd2c4d joins group my-consumer-group in Empty state. Adding to the group now. (org.apache.kafka.coordinator.group.GroupMetadataManager)
[2025-11-21 16:18:50,724] INFO [GroupCoordinator id=1 topic=__consumer_offsets partition=13] Preparing to rebalance group my-consumer-group in state PreparingRebalance with old generation 8 (reason: Adding new member console-consumer-a1602c2c-8f1a-4c2f-8130-6577c1dd2c4d with group instance id null; client reason: need to re-join with the given member-id: console-consumer-a1602c2c-8f1a-4c2f-8130-6577c1dd2c4d). (org.apache.kafka.coordinator.group.GroupMetadataManager)
[2025-11-21 16:18:53,725] INFO [GroupCoordinator id=1 topic=__consumer_offsets partition=13] Stabilized group my-consumer-group generation 9 with 1 members. (org.apache.kafka.coordinator.group.GroupMetadataManager)
[2025-11-21 16:18:53,742] INFO [GroupCoordinator id=1 topic=__consumer_offsets partition=13] Assignment received from leader console-consumer-a1602c2c-8f1a-4c2f-8130-6577c1dd2c4d for group my-consumer-group for generation 9. The group has 1 members, 0 of which are static. (org.apache.kafka.coordinator.group.GroupMetadataManager)
[2025-11-21 16:19:05,828] INFO [GroupCoordinator id=1 topic=__consumer_offsets partition=31] Generated 1 tombstone records while cleaning up group metadata in 0 milliseconds. (org.apache.kafka.coordinator.group.GroupCoordinatorShard)
[2025-11-21 16:19:11,540] INFO [GroupCoordinator id=1 topic=__consumer_offsets partition=13] Dynamic member with unknown member id joins group my-consumer-group in Stable state. Created a new member id console-consumer-4638568c-1632-4a4f-b4af-35c473cdd64f and requesting the member to rejoin with this id. (org.apache.kafka.coordinator.group.GroupMetadataManager)
[2025-11-21 16:19:11,541] INFO [GroupCoordinator id=1 topic=__consumer_offsets partition=13] Pending dynamic member with id console-consumer-4638568c-1632-4a4f-b4af-35c473cdd64f joins group my-consumer-group in Stable state. Adding to the group now. (org.apache.kafka.coordinator.group.GroupMetadataManager)
[2025-11-21 16:19:11,541] INFO [GroupCoordinator id=1 topic=__consumer_offsets partition=13] Preparing to rebalance group my-consumer-group in state PreparingRebalance with old generation 9 (reason: Adding new member console-consumer-4638568c-1632-4a4f-b4af-35c473cdd64f with group instance id null; client reason: need to re-join with the given member-id: console-consumer-4638568c-1632-4a4f-b4af-35c473cdd64f). (org.apache.kafka.coordinator.group.GroupMetadataManager)
[2025-11-21 16:19:11,747] INFO [GroupCoordinator id=1 topic=__consumer_offsets partition=13] Stabilized group my-consumer-group generation 10 with 2 members. (org.apache.kafka.coordinator.group.GroupMetadataManager)
[2025-11-21 16:19:11,748] INFO [GroupCoordinator id=1 topic=__consumer_offsets partition=13] Assignment received from leader console-consumer-a1602c2c-8f1a-4c2f-8130-6577c1dd2c4d for group my-consumer-group for generation 10. The group has 2 members, 0 of which are static. (org.apache.kafka.coordinator.group.GroupMetadataManager)
[2025-11-21 16:19:37,814] INFO [GroupCoordinator id=1 topic=__consumer_offsets partition=5] Dynamic member with unknown member id joins group console-consumer-66066 in Empty state. Created a new member id console-consumer-912799b2-c64c-455c-8b40-d8165ee20975 and requesting the member to rejoin with this id. (org.apache.kafka.coordinator.group.GroupMetadataManager)
[2025-11-21 16:19:37,815] INFO [GroupCoordinator id=1 topic=__consumer_offsets partition=5] Pending dynamic member with id console-consumer-912799b2-c64c-455c-8b40-d8165ee20975 joins group console-consumer-66066 in Empty state. Adding to the group now. (org.apache.kafka.coordinator.group.GroupMetadataManager)
[2025-11-21 16:19:37,815] INFO [GroupCoordinator id=1 topic=__consumer_offsets partition=5] Preparing to rebalance group console-consumer-66066 in state PreparingRebalance with old generation 0 (reason: Adding new member console-consumer-912799b2-c64c-455c-8b40-d8165ee20975 with group instance id null; client reason: need to re-join with the given member-id: console-consumer-912799b2-c64c-455c-8b40-d8165ee20975). (org.apache.kafka.coordinator.group.GroupMetadataManager)
[2025-11-21 16:19:40,815] INFO [GroupCoordinator id=1 topic=__consumer_offsets partition=5] Stabilized group console-consumer-66066 generation 1 with 1 members. (org.apache.kafka.coordinator.group.GroupMetadataManager)
[2025-11-21 16:19:40,831] INFO [GroupCoordinator id=1 topic=__consumer_offsets partition=5] Assignment received from leader console-consumer-912799b2-c64c-455c-8b40-d8165ee20975 for group console-consumer-66066 for generation 1. The group has 1 members, 0 of which are static. (org.apache.kafka.coordinator.group.GroupMetadataManager)
[2025-11-21 16:28:02,568] INFO [GroupCoordinator id=1 topic=__consumer_offsets partition=13] [Group my-consumer-group] Member console-consumer-a1602c2c-8f1a-4c2f-8130-6577c1dd2c4d has left group through explicit `LeaveGroup` request; client reason: the consumer is being closed (org.apache.kafka.coordinator.group.GroupMetadataManager)
[2025-11-21 16:28:02,569] INFO [GroupCoordinator id=1 topic=__consumer_offsets partition=13] Preparing to rebalance group my-consumer-group in state PreparingRebalance with old generation 10 (reason: explicit `LeaveGroup` request for (console-consumer-a1602c2c-8f1a-4c2f-8130-6577c1dd2c4d) members.). (org.apache.kafka.coordinator.group.GroupMetadataManager)
[2025-11-21 16:28:02,985] INFO [GroupCoordinator id=1 topic=__consumer_offsets partition=13] Stabilized group my-consumer-group generation 11 with 1 members. (org.apache.kafka.coordinator.group.GroupMetadataManager)
[2025-11-21 16:28:02,990] INFO [GroupCoordinator id=1 topic=__consumer_offsets partition=13] Assignment received from leader console-consumer-4638568c-1632-4a4f-b4af-35c473cdd64f for group my-consumer-group for generation 11. The group has 1 members, 0 of which are static. (org.apache.kafka.coordinator.group.GroupMetadataManager)
[2025-11-21 16:28:21,086] INFO [GroupCoordinator id=1 topic=__consumer_offsets partition=13] Dynamic member with unknown member id joins group my-consumer-group in Stable state. Created a new member id console-consumer-22fabb42-a83d-4606-b520-823d271ee9d1 and requesting the member to rejoin with this id. (org.apache.kafka.coordinator.group.GroupMetadataManager)
[2025-11-21 16:28:21,087] INFO [GroupCoordinator id=1 topic=__consumer_offsets partition=13] Pending dynamic member with id console-consumer-22fabb42-a83d-4606-b520-823d271ee9d1 joins group my-consumer-group in Stable state. Adding to the group now. (org.apache.kafka.coordinator.group.GroupMetadataManager)
[2025-11-21 16:28:21,087] INFO [GroupCoordinator id=1 topic=__consumer_offsets partition=13] Preparing to rebalance group my-consumer-group in state PreparingRebalance with old generation 11 (reason: Adding new member console-consumer-22fabb42-a83d-4606-b520-823d271ee9d1 with group instance id null; client reason: need to re-join with the given member-id: console-consumer-22fabb42-a83d-4606-b520-823d271ee9d1). (org.apache.kafka.coordinator.group.GroupMetadataManager)
[2025-11-21 16:28:24,004] INFO [GroupCoordinator id=1 topic=__consumer_offsets partition=13] Stabilized group my-consumer-group generation 12 with 2 members. (org.apache.kafka.coordinator.group.GroupMetadataManager)
[2025-11-21 16:28:24,007] INFO [GroupCoordinator id=1 topic=__consumer_offsets partition=13] Assignment received from leader console-consumer-4638568c-1632-4a4f-b4af-35c473cdd64f for group my-consumer-group for generation 12. The group has 2 members, 0 of which are static. (org.apache.kafka.coordinator.group.GroupMetadataManager)
[2025-11-21 16:34:11,662] INFO [ReplicaFetcherManager on broker 1] Removed fetcher for partitions Set(multi-partition-topic-0, multi-partition-topic-1, multi-partition-topic-2) (kafka.server.ReplicaFetcherManager)
[2025-11-21 16:34:11,666] INFO [LogLoader partition=multi-partition-topic-0, dir=/tmp/kraft-combined-logs] Loading producer state till offset 0 (org.apache.kafka.storage.internals.log.UnifiedLog)
[2025-11-21 16:34:11,667] INFO Created log for partition multi-partition-topic-0 in /tmp/kraft-combined-logs/multi-partition-topic-0 with properties {} (kafka.log.LogManager)
[2025-11-21 16:34:11,667] INFO [Partition multi-partition-topic-0 broker=1] No checkpointed highwatermark is found for partition multi-partition-topic-0 (kafka.cluster.Partition)
[2025-11-21 16:34:11,667] INFO [Partition multi-partition-topic-0 broker=1] Log loaded for partition multi-partition-topic-0 with initial high watermark 0 (kafka.cluster.Partition)
[2025-11-21 16:34:11,676] INFO [LogLoader partition=multi-partition-topic-1, dir=/tmp/kraft-combined-logs] Loading producer state till offset 0 (org.apache.kafka.storage.internals.log.UnifiedLog)
[2025-11-21 16:34:11,676] INFO Created log for partition multi-partition-topic-1 in /tmp/kraft-combined-logs/multi-partition-topic-1 with properties {} (kafka.log.LogManager)
[2025-11-21 16:34:11,676] INFO [Partition multi-partition-topic-1 broker=1] No checkpointed highwatermark is found for partition multi-partition-topic-1 (kafka.cluster.Partition)
[2025-11-21 16:34:11,676] INFO [Partition multi-partition-topic-1 broker=1] Log loaded for partition multi-partition-topic-1 with initial high watermark 0 (kafka.cluster.Partition)
[2025-11-21 16:34:11,685] INFO [LogLoader partition=multi-partition-topic-2, dir=/tmp/kraft-combined-logs] Loading producer state till offset 0 (org.apache.kafka.storage.internals.log.UnifiedLog)
[2025-11-21 16:34:11,685] INFO Created log for partition multi-partition-topic-2 in /tmp/kraft-combined-logs/multi-partition-topic-2 with properties {} (kafka.log.LogManager)
[2025-11-21 16:34:11,685] INFO [Partition multi-partition-topic-2 broker=1] No checkpointed highwatermark is found for partition multi-partition-topic-2 (kafka.cluster.Partition)
[2025-11-21 16:34:11,685] INFO [Partition multi-partition-topic-2 broker=1] Log loaded for partition multi-partition-topic-2 with initial high watermark 0 (kafka.cluster.Partition)
[2025-11-21 16:34:55,393] INFO [GroupCoordinator id=1 topic=__consumer_offsets partition=20] Dynamic member with unknown member id joins group multi-partition-group in Empty state. Created a new member id console-consumer-eca54d00-7b28-47a1-b343-dfebb1ff9cd5 and requesting the member to rejoin with this id. (org.apache.kafka.coordinator.group.GroupMetadataManager)
[2025-11-21 16:34:55,394] INFO [GroupCoordinator id=1 topic=__consumer_offsets partition=20] Pending dynamic member with id console-consumer-eca54d00-7b28-47a1-b343-dfebb1ff9cd5 joins group multi-partition-group in Empty state. Adding to the group now. (org.apache.kafka.coordinator.group.GroupMetadataManager)
[2025-11-21 16:34:55,394] INFO [GroupCoordinator id=1 topic=__consumer_offsets partition=20] Preparing to rebalance group multi-partition-group in state PreparingRebalance with old generation 0 (reason: Adding new member console-consumer-eca54d00-7b28-47a1-b343-dfebb1ff9cd5 with group instance id null; client reason: need to re-join with the given member-id: console-consumer-eca54d00-7b28-47a1-b343-dfebb1ff9cd5). (org.apache.kafka.coordinator.group.GroupMetadataManager)
[2025-11-21 16:34:58,396] INFO [GroupCoordinator id=1 topic=__consumer_offsets partition=20] Stabilized group multi-partition-group generation 1 with 1 members. (org.apache.kafka.coordinator.group.GroupMetadataManager)
[2025-11-21 16:34:58,413] INFO [GroupCoordinator id=1 topic=__consumer_offsets partition=20] Assignment received from leader console-consumer-eca54d00-7b28-47a1-b343-dfebb1ff9cd5 for group multi-partition-group for generation 1. The group has 1 members, 0 of which are static. (org.apache.kafka.coordinator.group.GroupMetadataManager)
[2025-11-21 16:35:13,222] INFO [GroupCoordinator id=1 topic=__consumer_offsets partition=20] Dynamic member with unknown member id joins group multi-partition-group in Stable state. Created a new member id console-consumer-6314e036-0711-4e9d-8cbb-cd49b62f1e87 and requesting the member to rejoin with this id. (org.apache.kafka.coordinator.group.GroupMetadataManager)
[2025-11-21 16:35:13,223] INFO [GroupCoordinator id=1 topic=__consumer_offsets partition=20] Pending dynamic member with id console-consumer-6314e036-0711-4e9d-8cbb-cd49b62f1e87 joins group multi-partition-group in Stable state. Adding to the group now. (org.apache.kafka.coordinator.group.GroupMetadataManager)
[2025-11-21 16:35:13,223] INFO [GroupCoordinator id=1 topic=__consumer_offsets partition=20] Preparing to rebalance group multi-partition-group in state PreparingRebalance with old generation 1 (reason: Adding new member console-consumer-6314e036-0711-4e9d-8cbb-cd49b62f1e87 with group instance id null; client reason: need to re-join with the given member-id: console-consumer-6314e036-0711-4e9d-8cbb-cd49b62f1e87). (org.apache.kafka.coordinator.group.GroupMetadataManager)
[2025-11-21 16:35:13,414] INFO [GroupCoordinator id=1 topic=__consumer_offsets partition=20] Stabilized group multi-partition-group generation 2 with 2 members. (org.apache.kafka.coordinator.group.GroupMetadataManager)
[2025-11-21 16:35:13,416] INFO [GroupCoordinator id=1 topic=__consumer_offsets partition=20] Assignment received from leader console-consumer-eca54d00-7b28-47a1-b343-dfebb1ff9cd5 for group multi-partition-group for generation 2. The group has 2 members, 0 of which are static. (org.apache.kafka.coordinator.group.GroupMetadataManager)
[2025-11-21 16:36:04,658] INFO [GroupCoordinator id=1 topic=__consumer_offsets partition=20] Dynamic member with unknown member id joins group multi-partition-group in Stable state. Created a new member id console-consumer-a028e530-b6eb-40c9-9006-d0c849ba5fda and requesting the member to rejoin with this id. (org.apache.kafka.coordinator.group.GroupMetadataManager)
[2025-11-21 16:36:04,658] INFO [GroupCoordinator id=1 topic=__consumer_offsets partition=20] Pending dynamic member with id console-consumer-a028e530-b6eb-40c9-9006-d0c849ba5fda joins group multi-partition-group in Stable state. Adding to the group now. (org.apache.kafka.coordinator.group.GroupMetadataManager)
[2025-11-21 16:36:04,659] INFO [GroupCoordinator id=1 topic=__consumer_offsets partition=20] Preparing to rebalance group multi-partition-group in state PreparingRebalance with old generation 2 (reason: Adding new member console-consumer-a028e530-b6eb-40c9-9006-d0c849ba5fda with group instance id null; client reason: need to re-join with the given member-id: console-consumer-a028e530-b6eb-40c9-9006-d0c849ba5fda). (org.apache.kafka.coordinator.group.GroupMetadataManager)
[2025-11-21 16:36:07,456] INFO [GroupCoordinator id=1 topic=__consumer_offsets partition=20] Stabilized group multi-partition-group generation 3 with 3 members. (org.apache.kafka.coordinator.group.GroupMetadataManager)
[2025-11-21 16:36:07,458] INFO [GroupCoordinator id=1 topic=__consumer_offsets partition=20] Assignment received from leader console-consumer-eca54d00-7b28-47a1-b343-dfebb1ff9cd5 for group multi-partition-group for generation 3. The group has 3 members, 0 of which are static. (org.apache.kafka.coordinator.group.GroupMetadataManager)
[2025-11-21 16:41:06,305] INFO [GroupCoordinator id=1 topic=__consumer_offsets partition=20] Dynamic member with unknown member id joins group multi-partition-group in Stable state. Created a new member id console-consumer-89968350-9df7-4eac-b46c-f9841f2b7204 and requesting the member to rejoin with this id. (org.apache.kafka.coordinator.group.GroupMetadataManager)
[2025-11-21 16:41:06,306] INFO [GroupCoordinator id=1 topic=__consumer_offsets partition=20] Pending dynamic member with id console-consumer-89968350-9df7-4eac-b46c-f9841f2b7204 joins group multi-partition-group in Stable state. Adding to the group now. (org.apache.kafka.coordinator.group.GroupMetadataManager)
[2025-11-21 16:41:06,306] INFO [GroupCoordinator id=1 topic=__consumer_offsets partition=20] Preparing to rebalance group multi-partition-group in state PreparingRebalance with old generation 3 (reason: Adding new member console-consumer-89968350-9df7-4eac-b46c-f9841f2b7204 with group instance id null; client reason: need to re-join with the given member-id: console-consumer-89968350-9df7-4eac-b46c-f9841f2b7204). (org.apache.kafka.coordinator.group.GroupMetadataManager)
[2025-11-21 16:41:07,599] INFO [GroupCoordinator id=1 topic=__consumer_offsets partition=20] Stabilized group multi-partition-group generation 4 with 4 members. (org.apache.kafka.coordinator.group.GroupMetadataManager)
[2025-11-21 16:41:07,601] INFO [GroupCoordinator id=1 topic=__consumer_offsets partition=20] Assignment received from leader console-consumer-eca54d00-7b28-47a1-b343-dfebb1ff9cd5 for group multi-partition-group for generation 4. The group has 4 members, 0 of which are static. (org.apache.kafka.coordinator.group.GroupMetadataManager)
[2025-11-21 16:44:11,929] INFO [NodeToControllerChannelManager id=1 name=forwarding] Node 1 disconnected. (org.apache.kafka.clients.NetworkClient)
